1	qid:1	1:15.008782	2:0.0	3:15.008782	4:0.0	5:2.371658	# TRYYHTN12903CD39A2 thriller
0	qid:1	1:14.40459	2:0.0	3:14.40459	4:0.0	5:0.0	# TRUTVYD128F9320844 thriller
0	qid:1	1:14.181953	2:0.0	3:14.181953	4:0.0	5:0.0	# TRPQVTH128F92F7096 thriller
1	qid:1	1:14.181953	2:0.0	3:14.181953	4:0.0	5:0.0	# TRQZXHB128F4246EA3 thriller
4	qid:1	1:14.181953	2:0.0	3:14.181953	4:11.997192	5:0.0	# TRQUIHC128F42ADD0D thriller
1	qid:1	1:13.817783	2:0.0	3:13.817783	4:0.0	5:0.0	# TROCKGQ128F9308912 thriller
0	qid:1	1:13.817783	2:0.0	3:13.817783	4:0.0	5:2.3416746	# TRQPVKB128F932C626 thriller
0	qid:1	1:13.817783	2:0.0	3:13.817783	4:0.0	5:0.0	# TRVIEQE128F930819A thriller
0	qid:1	1:12.10706	2:0.0	3:12.10706	4:0.0	5:0.0	# TRXHZBJ128F92F11AE thriller
2	qid:1	1:11.195792	2:0.0	3:11.195792	4:0.0	5:0.0	# TRUWEAN12903CD259A thriller
0	qid:1	1:10.435344	2:10.435344	3:0.0	4:0.0	5:0.0	# TRDAKLY128F42273B9 thriller
0	qid:1	1:10.435344	2:10.435344	3:0.0	4:0.0	5:0.0	# TRJJVLV12903CA1C3A thriller
0	qid:1	1:10.435344	2:10.435344	3:0.0	4:0.0	5:0.0	# TRFQMQB128F4239EAF thriller
0	qid:1	1:10.435344	2:10.435344	3:0.0	4:0.0	5:0.0	# TRVTIMD12903CBB12A thriller
2	qid:2	1:12.247218	2:0.0	3:12.247218	4:0.0	5:0.0	# TRGBIUE128F42914AA the police
0	qid:2	1:12.002473	2:1.979289	3:12.002473	4:0.0	5:1.979289	# TRKFJEV128F4240F16 the police
0	qid:2	1:11.698594	2:0.0	3:11.698594	4:0.0	5:0.0	# TRDRVRG128F9314CA7 the police
0	qid:2	1:11.698594	2:0.0	3:11.698594	4:0.0	5:0.0	# TRVTLRE128F935A382 the police
0	qid:2	1:11.4960785	2:0.0	3:11.4960785	4:0.0	5:0.0	# TRDOIUP128F4236701 the police
0	qid:2	1:11.4960785	2:1.9867066	3:11.4960785	4:0.0	5:1.9867066	# TRISJLF128F42973DA the police
0	qid:2	1:11.453238	2:0.0	3:11.453238	4:0.0	5:0.0	# TRHXBAV12903CE2A28 the police
0	qid:2	1:11.453238	2:0.0	3:11.453238	4:0.0	5:0.0	# TRLFYXP128F9330473 the police
0	qid:2	1:11.288947	2:0.0	3:11.288947	4:0.0	5:0.0	# TRKVZGK128F427F344 the police
4	qid:2	1:11.223729	2:11.223729	3:0.0	4:0.0	5:11.223729	# TRDSPGY128E0793AEE the police
